<?xml version="1.0" encoding="UTF-8"?>
<testsuite xmlns:xsi="http://www.w3.org/2001/XMLSchema-instance" xsi:noNamespaceSchemaLocation="https://maven.apache.org/surefire/maven-surefire-plugin/xsd/surefire-test-report-3.0.xsd" version="3.0" name="com.bank.OnlineBankingApplicationTests" time="7.717" tests="1" errors="0" skipped="0" failures="0">
  <properties>
[...]
</properties>
  <testcase name="contextLoads" classname="com.bank.OnlineBankingApplicationTests" time="0.013">
    <system-out><![CDATA[10:31:17.862 [main] INFO org.springframework.test.context.support.AnnotationConfigContextLoaderUtils -- Could not detect default configuration classes for test class [com.bank.OnlineBankingApplicationTests]: OnlineBankingApplicationTests does not declare any static, non-private, non-final, nested classes annotated with @Configuration.
10:31:18.039 [main] INFO org.springframework.boot.test.context.SpringBootTestContextBootstrapper -- Found @SpringBootConfiguration com.bank.OnlineBankingApplication for test class com.bank.OnlineBankingApplicationTests

  .   ____          _            __ _ _
 /\\ / ___'_ __ _ _(_)_ __  __ _ \ \ \ \
( ( )\___ | '_ | '_| | '_ \/ _` | \ \ \ \
 \\/  ___)| |_)| | | | | || (_| |  ) ) ) )
  '  |____| .__|_| |_|_| |_\__, | / / / /
 =========|_|==============|___/=/_/_/_/

 :: Spring Boot ::                (v3.3.3)

2026-09-18T10:31:18.601+05:30  INFO 35228 --- [online-banking-backend] [           main] com.bank.OnlineBankingApplicationTests   : Starting OnlineBankingApplicationTests using Java 20.0.2 with PID 35228 (started by vurit in D:\Online-Banking-System-main\backend)
2026-09-18T10:31:18.602+05:30  INFO 35228 --- [online-banking-backend] [           main] com.bank.OnlineBankingApplicationTests   : The following 1 profile is active: "dev"
2026-09-18T10:31:20.116+05:30  INFO 35228 --- [online-banking-backend] [           main] .s.d.r.c.RepositoryConfigurationDelegate : Bootstrapping Spring Data JPA repositories in DEFAULT mode.
2026-09-18T10:31:20.210+05:30  INFO 35228 --- [online-banking-backend] [           main] .s.d.r.c.RepositoryConfigurationDelegate : Finished Spring Data repository scanning in 85 ms. Found 14 JPA repository interfaces.
2026-09-18T10:31:20.820+05:30  INFO 35228 --- [online-banking-backend] [           main] o.hibernate.jpa.internal.util.LogHelper  : HHH000204: Processing PersistenceUnitInfo [name: default]
2026-09-18T10:31:20.916+05:30  INFO 35228 --- [online-banking-backend] [           main] org.hibernate.Version                    : HHH000412: Hibernate ORM core version 6.5.2.Final
2026-09-18T10:31:20.964+05:30  INFO 35228 --- [online-banking-backend] [           main] o.h.c.internal.RegionFactoryInitiator    : HHH000026: Second-level cache disabled
2026-09-18T10:31:21.129+05:30  INFO 35228 --- [online-banking-backend] [           main] o.s.o.j.p.SpringPersistenceUnitInfo      : No LoadTimeWeaver setup: ignoring JPA class transformer
2026-09-18T10:31:21.167+05:30  INFO 35228 --- [online-banking-backend] [           main] com.zaxxer.hikari.HikariDataSource       : HikariPool-1 - Starting...
2026-09-18T10:31:21.362+05:30  INFO 35228 --- [online-banking-backend] [           main] com.zaxxer.hikari.pool.HikariPool        : HikariPool-1 - Added connection conn0: url=jdbc:h2:mem:bankdb user=SA
2026-09-18T10:31:21.364+05:30  INFO 35228 --- [online-banking-backend] [           main] com.zaxxer.hikari.HikariDataSource       : HikariPool-1 - Start completed.
2026-09-18T10:31:21.394+05:30  WARN 35228 --- [online-banking-backend] [           main] org.hibernate.orm.deprecation            : HHH90000025: H2Dialect does not need to be specified explicitly using 'hibernate.dialect' (remove the property setting and it will be selected by default)
2026-09-18T10:31:22.382+05:30  INFO 35228 --- [online-banking-backend] [           main] o.h.e.t.j.p.i.JtaPlatformInitiator       : HHH000489: No JTA platform available (set 'hibernate.transaction.jta.platform' to enable JTA platform integration)
2026-09-18T10:31:22.476+05:30  INFO 35228 --- [online-banking-backend] [           main] j.LocalContainerEntityManagerFactoryBean : Initialized JPA EntityManagerFactory for persistence unit 'default'
2026-09-18T10:31:22.930+05:30  INFO 35228 --- [online-banking-backend] [           main] o.s.d.j.r.query.QueryEnhancerFactory     : Hibernate is in classpath; If applicable, HQL parser will be used.
2026-09-18T10:31:23.773+05:30  INFO 35228 --- [online-banking-backend] [           main] r$InitializeUserDetailsManagerConfigurer : Global AuthenticationManager configured with UserDetailsService bean with name customUserDetailsService
2026-09-18T10:31:24.918+05:30  INFO 35228 --- [online-banking-backend] [           main] o.s.b.a.h2.H2ConsoleAutoConfiguration    : H2 console available at '/h2-console'. Database available at 'jdbc:h2:mem:bankdb'
2026-09-18T10:31:24.995+05:30  INFO 35228 --- [online-banking-backend] [           main] com.bank.OnlineBankingApplicationTests   : Started OnlineBankingApplicationTests in 6.782 seconds (process running for 10.191)
2026-09-18T10:31:25.008+05:30  INFO 35228 --- [online-banking-backend] [           main] c.b.service.DataInitializationService    : Initializing database seed data...
2026-09-18T10:31:25.222+05:30  INFO 35228 --- [online-banking-backend] [           main] c.b.service.DataInitializationService    : Admin user created: admin / Admin@12345
2026-09-18T10:31:25.288+05:30  INFO 35228 --- [online-banking-backend] [           main] c.b.service.DataInitializationService    : Demo user created: demo / Demo@12345 (Account: 100123456789, Balance: ₹15,000.00)
2026-09-18T10:31:25.355+05:30  INFO 35228 --- [online-banking-backend] [           main] c.b.service.DataInitializationService    : Secondary user created: sarah / Sarah@12345 (Account: 100987654321)
2026-09-18T10:31:25.390+05:30  INFO 35228 --- [online-banking-backend] [           main] c.b.service.DataInitializationService    : Bill providers and recharge plans seeded.
2026-09-18T10:31:25.402+05:30  INFO 35228 --- [online-banking-backend] [           main] c.b.service.DataInitializationService    : Support FAQs seeded.
2026-09-18T10:31:25.402+05:30  INFO 35228 --- [online-banking-backend] [           main] c.b.service.DataInitializationService    : Database initialization completed successfully.
]]></system-out>
  </testcase>
</testsuite>